[debug] [2023-01-26T19:38:19.693Z] ----------------------------------------------------------------------
[debug] [2023-01-26T19:38:19.696Z] Command:       /usr/local/bin/firebase /home/truth/.cache/firebase/tools/lib/node_modules/firebase-tools/lib/bin/firebase init
[debug] [2023-01-26T19:38:19.697Z] CLI Version:   10.2.2
[debug] [2023-01-26T19:38:19.697Z] Platform:      linux
[debug] [2023-01-26T19:38:19.697Z] Node Version:  v12.18.1
[debug] [2023-01-26T19:38:19.697Z] Time:          Thu Jan 26 2023 20:38:19 GMT+0100 (West Africa Standard Time)
[debug] [2023-01-26T19:38:19.697Z] ----------------------------------------------------------------------
[debug] 
[debug] [2023-01-26T19:38:19.701Z] >>> [apiv2][query] GET https://firebase-public.firebaseio.com/cli.json [none]
[debug] [2023-01-26T19:38:19.812Z] > command requires scopes: ["email","openid","https://www.googleapis.com/auth/cloudplatformprojects.readonly","https://www.googleapis.com/auth/firebase","https://www.googleapis.com/auth/cloud-platform"]
[debug] [2023-01-26T19:38:19.812Z] > authorizing via signed-in user (summittech83@gmail.com)
[info] 
     ######## #### ########  ######## ########     ###     ######  ########
     ##        ##  ##     ## ##       ##     ##  ##   ##  ##       ##
     ######    ##  ########  ######   ########  #########  ######  ######
     ##        ##  ##    ##  ##       ##     ## ##     ##       ## ##
     ##       #### ##     ## ######## ########  ##     ##  ######  ########

You're about to initialize a Firebase project in this directory:

  /home/truth/Documents/work/summit tech/Easy Pay/easy-pay-admin-dashboard

Before we get started, keep in mind:

  * You are initializing within an existing Firebase project directory

[debug] [2023-01-26T19:38:21.967Z] <<< [apiv2][status] GET https://firebase-public.firebaseio.com/cli.json 200
[debug] [2023-01-26T19:38:21.968Z] <<< [apiv2][body] GET https://firebase-public.firebaseio.com/cli.json {"cloudBuildErrorAfter":1594252800000,"cloudBuildWarnAfter":1590019200000,"defaultNode10After":1594252800000,"minVersion":"3.0.5","node8DeploysDisabledAfter":1613390400000,"node8RuntimeDisabledAfter":1615809600000,"node8WarnAfter":1600128000000}
[info] 
=== Project Setup
[info] 
[info] First, let's associate this project directory with a Firebase project.
[info] You can create multiple project aliases by running firebase use --add, 
[info] but for now we'll just set up a default project.
[info] 
[debug] [2023-01-26T19:38:25.603Z] Using project from CLI flag: easypay5555
[debug] [2023-01-26T19:38:25.604Z] > refreshing access token with scopes: []
[debug] [2023-01-26T19:38:25.604Z] >>> HTTP REQUEST POST https://www.googleapis.com/oauth2/v3/token  
 <request body omitted>
